<?xml version="1.0" encoding="UTF-8"?>
<!-- Generated by org.testng.reporters.JUnitReportReporter -->
<testsuite hostname="morgina" failures="0" tests="1" name="Practice" time="0.013" errors="0" timestamp="2024-10-22T00:57:01 EDT" skipped="0">
  <testcase classname="Practice" name="UpperCase" time="0.013"/>
</testsuite> <!-- Practice -->
