<?xml version="1.0" encoding="UTF-8"?>
<!-- Generated by org.testng.reporters.JUnitReportReporter -->
<testsuite hostname="morgina" failures="0" tests="1" name="Mytest" time="0.009" errors="0" timestamp="2024-10-22T00:42:22 EDT" skipped="0">
  <testcase classname="Mytest" name="myname" time="0.009"/>
</testsuite> <!-- Mytest -->
